<?xml version="1.0" encoding="UTF-8"?>
<!-- Generated by org.testng.reporters.JUnitXMLReporter -->
<testsuite ignored="0" hostname="Sarvesh" failures="0" tests="1" name="Test" time="0.037" errors="0" timestamp="2023-06-12T10:54:53 IST">
  <testcase classname="DemoTesting.Demo123.TestCase1" name="@BeforeMethod initializeSetup" time="-1.686547493354E9">
    <failure type="org.testng.TestNGException" message="
Parameter &amp;apos;Port&amp;apos; is required by BeforeMethod on method initializeSetup but has not been marked @Optional or defined
in C:\Users\Sarvesh\eclipse-workspace\Demo123\testng1.xml">
      <![CDATA[org.testng.TestNGException: 
Parameter 'Port' is required by BeforeMethod on method initializeSetup but has not been marked @Optional or defined
in C:\Users\Sarvesh\eclipse-workspace\Demo123\testng1.xml
at java.base/java.util.ArrayList.forEach(ArrayList.java:1541)
... Removed 28 stack frames]]>
    </failure>
  </testcase> <!-- @BeforeMethod initializeSetup -->
  <testcase classname="DemoTesting.Demo123.TestCase1" name="test1" time="0.0">
    <skipped/>
  </testcase> <!-- test1 -->
</testsuite> <!-- Test -->
